<?xml version="1.0" encoding="UTF-8"?>
<Site BuildName="Linux-g++"
	BuildStamp="20230818-1230-Experimental"
	Name="osamu-VirtualBox"
	Generator="ctest-3.22.1"
	CompilerName="/usr/bin/g++"
	CompilerVersion=""
	OSName="Linux"
	Hostname="osamu-VirtualBox"
	OSRelease="6.2.0-26-generic"
	OSVersion="#26~22.04.1-Ubuntu SMP PREEMPT_DYNAMIC Thu Jul 13 16:27:29 UTC 2"
	OSPlatform="x86_64"
	Is64Bits="1"
	VendorString="AuthenticAMD"
	VendorID="Advanced Micro Devices"
	FamilyID="23"
	ModelID="104"
	ProcessorCacheSize="512"
	NumberOfLogicalCPU="2"
	NumberOfPhysicalCPU="2"
	TotalVirtualMemory="1162"
	TotalPhysicalMemory="3907"
	LogicalProcessorsPerPhysical="1"
	ProcessorClockFrequency="2095.99"
	>
	<Testing>
		<StartDateTime>Aug 18 21:51 JST</StartDateTime>
		<StartTestTime>1692363095</StartTestTime>
		<TestList/>
		<EndDateTime>Aug 18 21:51 JST</EndDateTime>
		<EndTestTime>1692363095</EndTestTime>
		<ElapsedMinutes>0</ElapsedMinutes>
	</Testing>
</Site>
